<?xml version="1.0" encoding="UTF-8"?>
<!-- Generated by org.testng.reporters.JUnitXMLReporter -->
<testsuite ignored="0" hostname="CHRMAM01104" failures="0" tests="11" name="ADD To Cart with logged user" time="131.811" errors="0" timestamp="2021-05-11T13:39:24 CEST">
  <testcase classname="Tests.T_1_Add_to_Cart_With_Logged_User" name="Login" time="29.897"/>
  <testcase classname="Tests.T_1_Add_to_Cart_With_Logged_User" name="SearchPhone" time="2.255"/>
  <testcase classname="Tests.T_1_Add_to_Cart_With_Logged_User" name="selectAndVerifyFilter" time="42.153"/>
  <testcase classname="Tests.T_1_Add_to_Cart_With_Logged_User" name="NavigateAndVerifySecondPage" time="11.417"/>
  <testcase classname="Tests.T_1_Add_to_Cart_With_Logged_User" name="SelectFifthProduct" time="17.073"/>
  <testcase classname="Tests.T_1_Add_to_Cart_With_Logged_User" name="LikeProductAndVerifyPopUp" time="3.538"/>
  <testcase classname="Tests.T_1_Add_to_Cart_With_Logged_User" name="NavigateToMyFavoritesPage" time="10.99"/>
  <testcase classname="Tests.T_1_Add_to_Cart_With_Logged_User" name="AddtoCart" time="1.19"/>
  <testcase classname="Tests.T_1_Add_to_Cart_With_Logged_User" name="NavigateToCheckoutPage" time="11.089"/>
  <testcase classname="Tests.T_1_Add_to_Cart_With_Logged_User" name="DeleteProduct" time="0.396"/>
  <testcase classname="Tests.T_1_Add_to_Cart_With_Logged_User" name="ValidateDeleteProduct" time="1.737"/>
</testsuite> <!-- ADD To Cart with logged user -->
